app/build/outputs/logs/manifest-merger-debug-report.txt
-- Merging decision tree log ---
manifest
ADDED from src\main\AndroidManifest.xml:2:1-79:12
	package
		ADDED from src\main\AndroidManifest.xml:3:5-48
		INJECTED from src\main\AndroidManifest.xml
		INJECTED from src\main\AndroidManifest.xml
	android:versionName
		INJECTED from src\main\AndroidManifest.xml
		INJECTED from src\main\AndroidManifest.xml
	xmlns:android
		ADDED from src\main\AndroidManifest.xml:2:11-69
	android:versionCode
		INJECTED from src\main\AndroidManifest.xml
		INJECTED from src\main\AndroidManifest.xml
uses-permission#android.permission.ACCESS_NETWORK_STATE
ADDED from src\main\AndroidManifest.xml:5:5-79
	android:name
		ADDED from src\main\AndroidManifest.xml:5:22-76
uses-permission#android.permission.INTERNET
ADDED from src\main\AndroidManifest.xml:6:5-67
	android:name
		ADDED from src\main\AndroidManifest.xml:6:22-64
uses-permission#android.permission.ACCESS_WIFI_STATE
ADDED from src\main\AndroidManifest.xml:7:5-76
	android:name
		ADDED from src\main\AndroidManifest.xml:7:22-73
uses-permission#android.permission.WRITE_EXTERNAL_STORAGE
ADDED from src\main\AndroidManifest.xml:8:5-81
	android:name
		ADDED from src\main\AndroidManifest.xml:8:22-78
uses-permission#android.permission.ACCESS_COARSE_LOCATION
ADDED from src\main\AndroidManifest.xml:9:5-81
	android:name
		ADDED from src\main\AndroidManifest.xml:9:22-78
uses-permission#android.permission.RECORD_AUDIO
ADDED from src\main\AndroidManifest.xml:10:5-71
	android:name
		ADDED from src\main\AndroidManifest.xml:10:22-68
uses-permission#android.permission.ACCESS_FINE_LOCATION
ADDED from src\main\AndroidManifest.xml:11:5-79
	android:name
		ADDED from src\main\AndroidManifest.xml:11:22-76
application
ADDED from src\main\AndroidManifest.xml:13:5-77:19
MERGED from [com.android.support:appcompat-v7:23.0.0] AndroidManifest.xml:22:5-20
MERGED from [com.android.support:support-v4:23.0.0] AndroidManifest.xml:22:5-20
MERGED from [com.android.support:support-v4:23.0.0] AndroidManifest.xml:22:5-20
MERGED from [:yahoosearchsdk-0.6.0:] AndroidManifest.xml:10:5-12:19
	android:label
		ADDED from src\main\AndroidManifest.xml:17:9-41
	android:allowBackup
		ADDED from src\main\AndroidManifest.xml:15:9-35
	android:icon
		ADDED from src\main\AndroidManifest.xml:16:9-43
	android:theme
		ADDED from src\main\AndroidManifest.xml:18:9-40
	android:name
		ADDED from src\main\AndroidManifest.xml:14:9-42
activity#com.example.taehong.projectavorka.MainActivity
ADDED from src\main\AndroidManifest.xml:19:9-27:20
	android:label
		ADDED from src\main\AndroidManifest.xml:21:13-45
	android:name
		ADDED from src\main\AndroidManifest.xml:20:13-41
intent-filter#android.intent.action.MAIN+android.intent.category.LAUNCHER
ADDED from src\main\AndroidManifest.xml:22:13-26:29
action#android.intent.action.MAIN
ADDED from src\main\AndroidManifest.xml:23:17-69
	android:name
		ADDED from src\main\AndroidManifest.xml:23:25-66
category#android.intent.category.LAUNCHER
ADDED from src\main\AndroidManifest.xml:25:17-77
	android:name
		ADDED from src\main\AndroidManifest.xml:25:27-74
activity#com.example.taehong.projectavorka.ChoicesActivity
ADDED from src\main\AndroidManifest.xml:28:9-31:20
	android:label
		ADDED from src\main\AndroidManifest.xml:30:13-59
	android:name
		ADDED from src\main\AndroidManifest.xml:29:13-44
activity#com.yahoo.mobile.client.share.search.ui.activity.SearchActivity
ADDED from src\main\AndroidManifest.xml:32:9-35:55
	android:screenOrientation
		ADDED from src\main\AndroidManifest.xml:34:13-49
	android:windowSoftInputMode
		ADDED from src\main\AndroidManifest.xml:35:13-52
	android:name
		ADDED from src\main\AndroidManifest.xml:33:13-91
activity#com.yahoo.mobile.client.share.search.ui.activity.SearchToLinkActivity
ADDED from src\main\AndroidManifest.xml:36:9-41:20
	android:screenOrientation
		ADDED from src\main\AndroidManifest.xml:38:13-49
	android:windowSoftInputMode
		ADDED from src\main\AndroidManifest.xml:40:13-52
	android:theme
		ADDED from src\main\AndroidManifest.xml:39:13-72
	android:name
		ADDED from src\main\AndroidManifest.xml:37:13-97
activity#com.yahoo.mobile.client.share.search.ui.activity.ImageGalleryActivity
ADDED from src\main\AndroidManifest.xml:42:9-48:20
	android:label
		ADDED from src\main\AndroidManifest.xml:44:13-29
	android:windowSoftInputMode
		ADDED from src\main\AndroidManifest.xml:47:13-54
	android:theme
		ADDED from src\main\AndroidManifest.xml:46:13-56
	android:logo
		ADDED from src\main\AndroidManifest.xml:45:13-47
	android:name
		ADDED from src\main\AndroidManifest.xml:43:13-97
activity#com.yahoo.mobile.client.share.search.ui.activity.SearchBrowserActivity
ADDED from src\main\AndroidManifest.xml:51:9-58:20
	android:screenOrientation
		ADDED from src\main\AndroidManifest.xml:55:13-49
	android:label
		ADDED from src\main\AndroidManifest.xml:53:13-29
	android:windowSoftInputMode
		ADDED from src\main\AndroidManifest.xml:57:13-52
	android:theme
		ADDED from src\main\AndroidManifest.xml:56:13-56
	android:logo
		ADDED from src\main\AndroidManifest.xml:54:13-47
	android:name
		ADDED from src\main\AndroidManifest.xml:52:13-98
activity#com.yahoo.mobile.client.share.search.ui.activity.LocalPreviewActivity
ADDED from src\main\AndroidManifest.xml:61:9-68:20
	android:screenOrientation
		ADDED from src\main\AndroidManifest.xml:65:13-49
	android:label
		ADDED from src\main\AndroidManifest.xml:63:13-29
	android:windowSoftInputMode
		ADDED from src\main\AndroidManifest.xml:67:13-52
	android:theme
		ADDED from src\main\AndroidManifest.xml:66:13-48
	android:logo
		ADDED from src\main\AndroidManifest.xml:64:13-47
	android:name
		ADDED from src\main\AndroidManifest.xml:62:13-97
activity#com.example.taehong.projectavorka.AdWall
ADDED from src\main\AndroidManifest.xml:69:9-72:20
	android:label
		ADDED from src\main\AndroidManifest.xml:71:13-59
	android:name
		ADDED from src\main\AndroidManifest.xml:70:13-35
activity#com.example.taehong.projectavorka.History
ADDED from src\main\AndroidManifest.xml:73:9-76:20
	android:label
		ADDED from src\main\AndroidManifest.xml:75:13-59
	android:name
		ADDED from src\main\AndroidManifest.xml:74:13-36
uses-sdk
INJECTED from src\main\AndroidManifest.xml reason: use-sdk injection requested
MERGED from [com.android.support:appcompat-v7:23.0.0] AndroidManifest.xml:20:5-43
MERGED from [com.android.support:support-v4:23.0.0] AndroidManifest.xml:20:5-43
MERGED from [com.android.support:support-v4:23.0.0] AndroidManifest.xml:20:5-43
MERGED from [:yahoosearchsdk-0.6.0:] AndroidManifest.xml:6:5-8:41
	android:targetSdkVersion
		INJECTED from src\main\AndroidManifest.xml
		INJECTED from src\main\AndroidManifest.xml
	android:minSdkVersion
		INJECTED from src\main\AndroidManifest.xml
		INJECTED from src\main\AndroidManifest.xml